{
  "stats": {
    "suites": 2,
    "tests": 3,
    "passes": 2,
    "pending": 0,
    "failures": 1,
    "start": "2022-08-12T13:47:57.171Z",
    "end": "2022-08-12T13:48:00.125Z",
    "duration": 2954,
    "testsRegistered": 3,
    "passPercent": 66.66666666666666,
    "pendingPercent": 0,
    "other": 0,
    "hasOther": false,
    "skipped": 0,
    "hasSkipped": false
  },
  "results": [
    {
      "uuid": "376ef1be-7cc9-4e82-88fd-6724f7316aef",
      "title": "",
      "fullFile": "",
      "file": "",
      "beforeHooks": [],
      "afterHooks": [],
      "tests": [],
      "suites": [
        {
          "uuid": "46b67dfb-8178-4181-8774-fb1a810f2f13",
          "title": "Add new todo ",
          "fullFile": "/home/prabhakar/Coding/testing/lambda-test-YT/test/firstTest.js",
          "file": "/test/firstTest.js",
          "beforeHooks": [],
          "afterHooks": [],
          "tests": [
            {
              "title": "successfully add a new todo",
              "fullTitle": "Add new todo  successfully add a new todo",
              "timedOut": null,
              "duration": 1397,
              "state": "passed",
              "speed": "slow",
              "pass": true,
              "fail": false,
              "pending": false,
              "context": null,
              "code": "var driver = new Builder().forBrowser(\"chrome\").build();\nawait driver.get(\"https://lambdatest.github.io/sample-todo-app/\");\ndriver.sleep(2000);\nawait driver\n  .findElement(By.id(\"sampletodotext\"))\n  .sendKeys(\"buy milk\", Key.RETURN);\ndriver.sleep(2000);\n//assert\n// const testFromTest = await driver\n//   .findElement(By.xpath(\"//li[last()]\"))\n//   .getText()\n//   .then((value) => {\n//     return value;\n//   });\n//node assert\n// await assert.strictEqual(testFromTest, \"buy milk\");\n//chai assert\n// testFromTest.should.equal(\"cookie and milk\");\nawait driver.quit();",
              "err": {},
              "uuid": "3287f8b3-81fa-443d-b295-c246bbdbb8d8",
              "parentUUID": null,
              "isHook": false,
              "skipped": false
            }
          ],
          "suites": [],
          "passes": [
            "3287f8b3-81fa-443d-b295-c246bbdbb8d8"
          ],
          "failures": [],
          "pending": [],
          "skipped": [],
          "duration": 1397,
          "root": false,
          "rootEmpty": false,
          "_timeout": null
        },
        {
          "uuid": "081d5f66-dd8f-482b-8c30-7d458bbf6fa2",
          "title": "Add another new todo ",
          "fullFile": "/home/prabhakar/Coding/testing/lambda-test-YT/test/secondTest.js",
          "file": "/test/secondTest.js",
          "beforeHooks": [],
          "afterHooks": [],
          "tests": [
            {
              "title": "successfully add another new todo",
              "fullTitle": "Add another new todo  successfully add another new todo",
              "timedOut": null,
              "duration": 1438,
              "state": "passed",
              "speed": "slow",
              "pass": true,
              "fail": false,
              "pending": false,
              "context": null,
              "code": "var driver = new Builder().forBrowser(\"chrome\").build();\nawait driver.get(\"https://lambdatest.github.io/sample-todo-app/\");\ndriver.sleep(2000);\nawait driver\n  .findElement(By.id(\"sampletodotext\"))\n  .sendKeys(\"buy milk\", Key.RETURN);\ndriver.sleep(2000);\nawait driver.quit();",
              "err": {},
              "uuid": "fcde6d58-de5d-4968-bb19-51016267e0f2",
              "parentUUID": null,
              "isHook": false,
              "skipped": false
            },
            {
              "title": "successfully add another new todo",
              "fullTitle": "Add another new todo  successfully add another new todo",
              "timedOut": null,
              "duration": 1244,
              "state": "failed",
              "speed": null,
              "pass": false,
              "fail": true,
              "pending": false,
              "context": null,
              "code": "var driver = new Builder().forBrowser(\"chrome\").build();\nawait driver.get(\"https://lambdatest.github.io/sample-todo-app/\");\nconst testFromTest = await driver\n  .findElement(By.xpath(\"//li[last()]\"))\n  .getText()\n  .then((value) => {\n    return value;\n  });\n//chai assert\ntestFromTest.should.equal(\"cookie and milk\");\nawait driver.quit();",
              "err": {
                "message": "AssertionError: expected 'Fifth Item' to equal 'cookie and milk'",
                "estack": "AssertionError: expected 'Fifth Item' to equal 'cookie and milk'\n    at Context.<anonymous> (test/secondTest.js:28:25)\n    at processTicksAndRejections (node:internal/process/task_queues:96:5)",
                "diff": "- Fifth Item\n+ cookie and milk\n"
              },
              "uuid": "affcd3b4-90b2-484b-a459-e0b51a606cd1",
              "parentUUID": null,
              "isHook": false,
              "skipped": false
            }
          ],
          "suites": [],
          "passes": [
            "fcde6d58-de5d-4968-bb19-51016267e0f2"
          ],
          "failures": [
            "affcd3b4-90b2-484b-a459-e0b51a606cd1"
          ],
          "pending": [],
          "skipped": [],
          "duration": 2682,
          "root": false,
          "rootEmpty": false,
          "_timeout": null
        }
      ],
      "passes": [],
      "failures": [],
      "pending": [],
      "skipped": [],
      "duration": 0,
      "root": true,
      "rootEmpty": true,
      "_timeout": 0
    }
  ],
  "meta": {
    "mocha": {
      "version": "10.0.0"
    },
    "mochawesome": {
      "options": {
        "quiet": false,
        "reportFilename": "mochawesome",
        "saveHtml": true,
        "saveJson": true,
        "consoleReporter": "spec",
        "useInlineDiffs": false,
        "code": true
      },
      "version": "7.1.3"
    },
    "marge": {
      "options": null,
      "version": "6.2.0"
    }
  }
}